<?xml version="1.0" encoding="UTF-8"?>
<!-- Generated by org.testng.reporters.JUnitXMLReporter -->
<testsuite ignored="0" hostname="DESKTOP-M94BUN9" failures="0" tests="3" name="Test" time="6.495" errors="0" timestamp="2021-07-03T20:18:49 IST">
  <testcase classname="test.ProductSectionTest" name="Login" time="0.553"/>
  <testcase classname="test.ProductSectionTest" name="ProductSelction" time="0.156"/>
  <testcase classname="test.ProductSectionTest" name="Cart" time="0.195"/>
</testsuite> <!-- Test -->
