<?xml version="1.0" encoding="UTF-8"?>
<testng-results ignored="0" total="3" passed="3" failed="0" skipped="0">
  <reporter-output>
  </reporter-output>
  <suite started-at="2021-07-03T20:18:43 IST" name="Suite" finished-at="2021-07-03T20:18:49 IST" duration-ms="6495">
    <groups>
    </groups>
    <test started-at="2021-07-03T20:18:43 IST" name="Test" finished-at="2021-07-03T20:18:49 IST" duration-ms="6495">
      <class name="test.ProductSectionTest">
        <test-method is-config="true" signature="Setup()[pri:0, instance:test.ProductSectionTest@1700915]" started-at="2021-07-03T20:18:43 IST" name="Setup" finished-at="2021-07-03T20:18:48 IST" duration-ms="5246" status="PASS">
          <reporter-output>
          </reporter-output>
        </test-method> <!-- Setup -->
        <test-method signature="Login()[pri:0, instance:test.ProductSectionTest@1700915]" started-at="2021-07-03T20:18:48 IST" name="Login" finished-at="2021-07-03T20:18:49 IST" duration-ms="553" status="PASS">
          <reporter-output>
          </reporter-output>
        </test-method> <!-- Login -->
        <test-method signature="ProductSelction()[pri:0, instance:test.ProductSectionTest@1700915]" started-at="2021-07-03T20:18:49 IST" name="ProductSelction" finished-at="2021-07-03T20:18:49 IST" depends-on-methods="test.ProductSectionTest.Login" duration-ms="156" status="PASS">
          <reporter-output>
          </reporter-output>
        </test-method> <!-- ProductSelction -->
        <test-method signature="Cart()[pri:0, instance:test.ProductSectionTest@1700915]" started-at="2021-07-03T20:18:49 IST" name="Cart" finished-at="2021-07-03T20:18:49 IST" depends-on-methods="test.ProductSectionTest.ProductSelction" duration-ms="195" status="PASS">
          <reporter-output>
          </reporter-output>
        </test-method> <!-- Cart -->
        <test-method is-config="true" signature="teardown()[pri:0, instance:test.ProductSectionTest@1700915]" started-at="2021-07-03T20:18:49 IST" name="teardown" finished-at="2021-07-03T20:18:49 IST" duration-ms="288" status="PASS">
          <reporter-output>
          </reporter-output>
        </test-method> <!-- teardown -->
      </class> <!-- test.ProductSectionTest -->
    </test> <!-- Test -->
  </suite> <!-- Suite -->
</testng-results>
